Thong tin hoc sinh thu 0:
Ho va ten: NGUYEN ANH QUAN
Diem kiem tra: 8
Diem thi: 9
Thong tin hoc sinh thu 1:
Ho va ten: HUYNH KIM CHI
Diem kiem tra: 3
Diem thi: 4
Thong tin hoc sinh thu 2:
Ho va ten: LAOS LAOS LAOS
Diem kiem tra: 9
Diem thi: 1
=====================================
Ho va ten       DKT     Dthi    DTB
=====================================
NGUYEN ANH QUAN 8.00    9.00    8.50
HUYNH KIM CHI   3.00    4.00    3.50
LAOS LAOS LAOS  9.00    1.00    5.00
=====================================
Ho va ten       DKT     Dthi    DTB
=====================================

Danh sach lop sap xep giam dan theo DTB:
NGUYEN ANH QUAN 8.00    9.00    8.50
LAOS LAOS LAOS  9.00    1.00    5.00
HUYNH KIM CHI   3.00    4.00    3.50

Danh sach lop sau khi xep loai:
=====================================
Ho va ten       DKT     Dthi    DTB     Xep loai
=====================================
NGUYEN ANH QUAN 8.00    9.00    8.50    Gioi
LAOS LAOS LAOS  9.00    1.00    5.00    Trung binh
HUYNH KIM CHI   3.00    4.00    3.50    Yeu
